<?xml version="1.0" encoding="UTF-8"?>
<!-- Generated by org.testng.reporters.JUnitXMLReporter -->
<testsuite ignored="0" hostname="ostovbenko-ws" failures="0" tests="3" name="login firefox" time="36.59" errors="0" timestamp="2020-01-31T14:38:29 EET">
  <testcase classname="techList.test.TestsContentProvider" name="testEditForm" time="5.608"/>
  <testcase classname="techList.test.TestsContentProvider" name="testLogin" time="5.454"/>
  <testcase classname="techList.test.TestsContentProvider" name="testSort" time="7.866"/>
</testsuite> <!-- login firefox -->
