<?xml version="1.0" encoding="UTF-8"?>
<!-- Generated by org.testng.reporters.JUnitXMLReporter -->
<testsuite ignored="0" hostname="ostovbenko-ws" failures="0" tests="3" name="login chrome" time="45.785" errors="0" timestamp="2020-01-31T14:37:52 EET">
  <testcase classname="techList.test.TestsContentProvider" name="testEditForm" time="8.798"/>
  <testcase classname="techList.test.TestsContentProvider" name="testLogin" time="8.707"/>
  <testcase classname="techList.test.TestsContentProvider" name="testSort" time="9.374"/>
</testsuite> <!-- login chrome -->
