<?xml version="1.0" encoding="UTF-8"?>
<!-- Generated by org.testng.reporters.JUnitXMLReporter -->
<testsuite ignored="0" hostname="ostovbenko-ws" failures="0" tests="5" name="login chrome" time="78.044" errors="0" timestamp="2020-02-03T17:16:53 EET">
  <testcase classname="techList.test.TestsContentProvider" name="testAddLine" time="10.681"/>
  <testcase classname="techList.test.TestsContentProvider" name="testDeleteLine" time="9.127"/>
  <testcase classname="techList.test.TestsContentProvider" name="testEditForm" time="9.294"/>
  <testcase classname="techList.test.TestsContentProvider" name="testLogin" time="8.973"/>
  <testcase classname="techList.test.TestsContentProvider" name="testSort" time="8.942"/>
</testsuite> <!-- login chrome -->
