<?xml version="1.0" encoding="UTF-8"?>
<!-- Generated by org.testng.reporters.JUnitXMLReporter -->
<testsuite ignored="0" hostname="ostovbenko-ws" failures="0" tests="3" name="login opera" time="26.707" errors="0" timestamp="2020-01-31T14:38:55 EET">
  <testcase classname="techList.test.TestsContentProvider" name="testEditForm" time="5.953"/>
  <testcase classname="techList.test.TestsContentProvider" name="testLogin" time="6.035"/>
  <testcase classname="techList.test.TestsContentProvider" name="testSort" time="7.267"/>
</testsuite> <!-- login opera -->
