<?xml version="1.0" encoding="UTF-8"?>
<testng-results ignored="0" total="9" passed="9" failed="0" skipped="0">
  <reporter-output>
  </reporter-output>
  <suite started-at="2020-01-31T14:37:06 EET" name="LoginTests" finished-at="2020-01-31T14:38:55 EET" duration-ms="109129">
    <groups>
    </groups>
    <test started-at="2020-01-31T14:37:06 EET" name="login chrome" finished-at="2020-01-31T14:37:52 EET" duration-ms="45785">
      <class name="techList.test.TestsContentProvider">
        <test-method is-config="true" signature="setUp(java.lang.String)[pri:0, instance:techList.test.TestsContentProvider@6743e411]" started-at="2020-01-31T14:37:06 EET" name="setUp" finished-at="2020-01-31T14:37:12 EET" duration-ms="6251" status="PASS">
          <params>
            <param index="0">
              <value>
                <![CDATA[chrome]]>
              </value>
            </param>
          </params>
          <reporter-output>
          </reporter-output>
        </test-method> <!-- setUp -->
        <test-method signature="testEditForm()[pri:0, instance:techList.test.TestsContentProvider@6743e411]" started-at="2020-01-31T14:37:12 EET" name="testEditForm" finished-at="2020-01-31T14:37:21 EET" duration-ms="8798" status="PASS">
          <reporter-output>
          </reporter-output>
        </test-method> <!-- testEditForm -->
        <test-method is-config="true" signature="Down()[pri:0, instance:techList.test.TestsContentProvider@6743e411]" started-at="2020-01-31T14:37:21 EET" name="Down" finished-at="2020-01-31T14:37:22 EET" duration-ms="724" status="PASS">
          <reporter-output>
          </reporter-output>
        </test-method> <!-- Down -->
        <test-method is-config="true" signature="setUp(java.lang.String)[pri:0, instance:techList.test.TestsContentProvider@6743e411]" started-at="2020-01-31T14:37:22 EET" name="setUp" finished-at="2020-01-31T14:37:27 EET" duration-ms="5329" status="PASS">
          <params>
            <param index="0">
              <value>
                <![CDATA[chrome]]>
              </value>
            </param>
          </params>
          <reporter-output>
          </reporter-output>
        </test-method> <!-- setUp -->
        <test-method signature="testLogin()[pri:0, instance:techList.test.TestsContentProvider@6743e411]" started-at="2020-01-31T14:37:27 EET" name="testLogin" finished-at="2020-01-31T14:37:36 EET" duration-ms="8707" status="PASS">
          <reporter-output>
          </reporter-output>
        </test-method> <!-- testLogin -->
        <test-method is-config="true" signature="Down()[pri:0, instance:techList.test.TestsContentProvider@6743e411]" started-at="2020-01-31T14:37:36 EET" name="Down" finished-at="2020-01-31T14:37:37 EET" duration-ms="648" status="PASS">
          <reporter-output>
          </reporter-output>
        </test-method> <!-- Down -->
        <test-method is-config="true" signature="setUp(java.lang.String)[pri:0, instance:techList.test.TestsContentProvider@6743e411]" started-at="2020-01-31T14:37:37 EET" name="setUp" finished-at="2020-01-31T14:37:42 EET" duration-ms="5272" status="PASS">
          <params>
            <param index="0">
              <value>
                <![CDATA[chrome]]>
              </value>
            </param>
          </params>
          <reporter-output>
          </reporter-output>
        </test-method> <!-- setUp -->
        <test-method signature="testSort()[pri:0, instance:techList.test.TestsContentProvider@6743e411]" started-at="2020-01-31T14:37:42 EET" name="testSort" finished-at="2020-01-31T14:37:51 EET" duration-ms="9374" status="PASS">
          <reporter-output>
          </reporter-output>
        </test-method> <!-- testSort -->
        <test-method is-config="true" signature="Down()[pri:0, instance:techList.test.TestsContentProvider@6743e411]" started-at="2020-01-31T14:37:51 EET" name="Down" finished-at="2020-01-31T14:37:52 EET" duration-ms="660" status="PASS">
          <reporter-output>
          </reporter-output>
        </test-method> <!-- Down -->
      </class> <!-- techList.test.TestsContentProvider -->
    </test> <!-- login chrome -->
    <test started-at="2020-01-31T14:37:52 EET" name="login firefox" finished-at="2020-01-31T14:38:29 EET" duration-ms="36590">
      <class name="techList.test.TestsContentProvider">
        <test-method is-config="true" signature="setUp(java.lang.String)[pri:0, instance:techList.test.TestsContentProvider@55fe41ea]" started-at="2020-01-31T14:37:52 EET" name="setUp" finished-at="2020-01-31T14:37:56 EET" duration-ms="3645" status="PASS">
          <params>
            <param index="0">
              <value>
                <![CDATA[firefox]]>
              </value>
            </param>
          </params>
          <reporter-output>
          </reporter-output>
        </test-method> <!-- setUp -->
        <test-method signature="testEditForm()[pri:0, instance:techList.test.TestsContentProvider@55fe41ea]" started-at="2020-01-31T14:37:56 EET" name="testEditForm" finished-at="2020-01-31T14:38:01 EET" duration-ms="5608" status="PASS">
          <reporter-output>
          </reporter-output>
        </test-method> <!-- testEditForm -->
        <test-method is-config="true" signature="Down()[pri:0, instance:techList.test.TestsContentProvider@55fe41ea]" started-at="2020-01-31T14:38:01 EET" name="Down" finished-at="2020-01-31T14:38:04 EET" duration-ms="2289" status="PASS">
          <reporter-output>
          </reporter-output>
        </test-method> <!-- Down -->
        <test-method is-config="true" signature="setUp(java.lang.String)[pri:0, instance:techList.test.TestsContentProvider@55fe41ea]" started-at="2020-01-31T14:38:04 EET" name="setUp" finished-at="2020-01-31T14:38:07 EET" duration-ms="3546" status="PASS">
          <params>
            <param index="0">
              <value>
                <![CDATA[firefox]]>
              </value>
            </param>
          </params>
          <reporter-output>
          </reporter-output>
        </test-method> <!-- setUp -->
        <test-method signature="testLogin()[pri:0, instance:techList.test.TestsContentProvider@55fe41ea]" started-at="2020-01-31T14:38:07 EET" name="testLogin" finished-at="2020-01-31T14:38:13 EET" duration-ms="5454" status="PASS">
          <reporter-output>
          </reporter-output>
        </test-method> <!-- testLogin -->
        <test-method is-config="true" signature="Down()[pri:0, instance:techList.test.TestsContentProvider@55fe41ea]" started-at="2020-01-31T14:38:13 EET" name="Down" finished-at="2020-01-31T14:38:15 EET" duration-ms="2298" status="PASS">
          <reporter-output>
          </reporter-output>
        </test-method> <!-- Down -->
        <test-method is-config="true" signature="setUp(java.lang.String)[pri:0, instance:techList.test.TestsContentProvider@55fe41ea]" started-at="2020-01-31T14:38:15 EET" name="setUp" finished-at="2020-01-31T14:38:18 EET" duration-ms="3478" status="PASS">
          <params>
            <param index="0">
              <value>
                <![CDATA[firefox]]>
              </value>
            </param>
          </params>
          <reporter-output>
          </reporter-output>
        </test-method> <!-- setUp -->
        <test-method signature="testSort()[pri:0, instance:techList.test.TestsContentProvider@55fe41ea]" started-at="2020-01-31T14:38:18 EET" name="testSort" finished-at="2020-01-31T14:38:26 EET" duration-ms="7866" status="PASS">
          <reporter-output>
          </reporter-output>
        </test-method> <!-- testSort -->
        <test-method is-config="true" signature="Down()[pri:0, instance:techList.test.TestsContentProvider@55fe41ea]" started-at="2020-01-31T14:38:26 EET" name="Down" finished-at="2020-01-31T14:38:29 EET" duration-ms="2406" status="PASS">
          <reporter-output>
          </reporter-output>
        </test-method> <!-- Down -->
      </class> <!-- techList.test.TestsContentProvider -->
    </test> <!-- login firefox -->
    <test started-at="2020-01-31T14:38:29 EET" name="login opera" finished-at="2020-01-31T14:38:55 EET" duration-ms="26707">
      <class name="techList.test.TestsContentProvider">
        <test-method is-config="true" signature="setUp(java.lang.String)[pri:0, instance:techList.test.TestsContentProvider@fa4c865]" started-at="2020-01-31T14:38:29 EET" name="setUp" finished-at="2020-01-31T14:38:30 EET" duration-ms="1826" status="PASS">
          <params>
            <param index="0">
              <value>
                <![CDATA[opera]]>
              </value>
            </param>
          </params>
          <reporter-output>
          </reporter-output>
        </test-method> <!-- setUp -->
        <test-method signature="testEditForm()[pri:0, instance:techList.test.TestsContentProvider@fa4c865]" started-at="2020-01-31T14:38:30 EET" name="testEditForm" finished-at="2020-01-31T14:38:36 EET" duration-ms="5953" status="PASS">
          <reporter-output>
          </reporter-output>
        </test-method> <!-- testEditForm -->
        <test-method is-config="true" signature="Down()[pri:0, instance:techList.test.TestsContentProvider@fa4c865]" started-at="2020-01-31T14:38:36 EET" name="Down" finished-at="2020-01-31T14:38:37 EET" duration-ms="739" status="PASS">
          <reporter-output>
          </reporter-output>
        </test-method> <!-- Down -->
        <test-method is-config="true" signature="setUp(java.lang.String)[pri:0, instance:techList.test.TestsContentProvider@fa4c865]" started-at="2020-01-31T14:38:37 EET" name="setUp" finished-at="2020-01-31T14:38:39 EET" duration-ms="1694" status="PASS">
          <params>
            <param index="0">
              <value>
                <![CDATA[opera]]>
              </value>
            </param>
          </params>
          <reporter-output>
          </reporter-output>
        </test-method> <!-- setUp -->
        <test-method signature="testLogin()[pri:0, instance:techList.test.TestsContentProvider@fa4c865]" started-at="2020-01-31T14:38:39 EET" name="testLogin" finished-at="2020-01-31T14:38:45 EET" duration-ms="6035" status="PASS">
          <reporter-output>
          </reporter-output>
        </test-method> <!-- testLogin -->
        <test-method is-config="true" signature="Down()[pri:0, instance:techList.test.TestsContentProvider@fa4c865]" started-at="2020-01-31T14:38:45 EET" name="Down" finished-at="2020-01-31T14:38:46 EET" duration-ms="740" status="PASS">
          <reporter-output>
          </reporter-output>
        </test-method> <!-- Down -->
        <test-method is-config="true" signature="setUp(java.lang.String)[pri:0, instance:techList.test.TestsContentProvider@fa4c865]" started-at="2020-01-31T14:38:46 EET" name="setUp" finished-at="2020-01-31T14:38:47 EET" duration-ms="1713" status="PASS">
          <params>
            <param index="0">
              <value>
                <![CDATA[opera]]>
              </value>
            </param>
          </params>
          <reporter-output>
          </reporter-output>
        </test-method> <!-- setUp -->
        <test-method signature="testSort()[pri:0, instance:techList.test.TestsContentProvider@fa4c865]" started-at="2020-01-31T14:38:47 EET" name="testSort" finished-at="2020-01-31T14:38:55 EET" duration-ms="7267" status="PASS">
          <reporter-output>
          </reporter-output>
        </test-method> <!-- testSort -->
        <test-method is-config="true" signature="Down()[pri:0, instance:techList.test.TestsContentProvider@fa4c865]" started-at="2020-01-31T14:38:55 EET" name="Down" finished-at="2020-01-31T14:38:55 EET" duration-ms="740" status="PASS">
          <reporter-output>
          </reporter-output>
        </test-method> <!-- Down -->
      </class> <!-- techList.test.TestsContentProvider -->
    </test> <!-- login opera -->
  </suite> <!-- LoginTests -->
</testng-results>
