<?xml version="1.0" encoding="UTF-8"?>
<testng-results ignored="0" total="5" passed="4" failed="1" skipped="0">
  <reporter-output>
  </reporter-output>
  <suite started-at="2020-02-03T18:09:26 EET" name="LoginTests" finished-at="2020-02-03T18:10:31 EET" duration-ms="65604">
    <groups>
    </groups>
    <test started-at="2020-02-03T18:09:26 EET" name="login firefox" finished-at="2020-02-03T18:10:31 EET" duration-ms="65604">
      <class name="techList.test.TestsContentProvider">
        <test-method is-config="true" signature="setUp(java.lang.String)[pri:0, instance:techList.test.TestsContentProvider@477b4cdf]" started-at="2020-02-03T18:09:26 EET" name="setUp" finished-at="2020-02-03T18:09:33 EET" duration-ms="7272" status="PASS">
          <params>
            <param index="0">
              <value>
                <![CDATA[firefox]]>
              </value>
            </param>
          </params>
          <reporter-output>
          </reporter-output>
        </test-method> <!-- setUp -->
        <test-method signature="testAddLine()[pri:0, instance:techList.test.TestsContentProvider@477b4cdf]" started-at="2020-02-03T18:09:33 EET" name="testAddLine" finished-at="2020-02-03T18:09:39 EET" duration-ms="5658" status="FAIL">
          <exception class="org.openqa.selenium.NoSuchElementException">
            <message>
              <![CDATA[Unable to locate element: //*[@id='entTable_info']
For documentation on this error, please visit: https://selenium.dev/exceptions/#no_such_element
Build info: version: '4.0.0-alpha-4', revision: 'c2d955b49e'
System info: host: 'OSTOVBENKO-WS', ip: '10.4.30.97', os.name: 'Windows 10', os.arch: 'amd64', os.version: '10.0', java.version: '11.0.2'
Driver info: org.openqa.selenium.firefox.FirefoxDriver
Capabilities {acceptInsecureCerts: true, browserName: firefox, browserVersion: 72.0.2, javascriptEnabled: true, moz:accessibilityChecks: false, moz:buildID: 20200117190643, moz:geckodriverVersion: 0.26.0, moz:headless: false, moz:processID: 348, moz:profile: C:\Users\ostovbenko.TELESEN..., moz:shutdownTimeout: 60000, moz:useNonSpecCompliantPointerOrigin: false, moz:webdriverClick: true, pageLoadStrategy: normal, platform: WINDOWS, platformName: WINDOWS, platformVersion: 10.0, rotatable: false, setWindowRect: true, strictFileInteractability: false, timeouts: {implicit: 0, pageLoad: 300000, script: 30000}, unhandledPromptBehavior: dismiss and notify}
Session ID: b3ace3ef-6f0e-4a3a-9684-6278d709e726
*** Element info: {Using=xpath, value=//*[@id='entTable_info']}]]>
            </message>
            <full-stacktrace>
              <![CDATA[org.openqa.selenium.NoSuchElementException: Unable to locate element: //*[@id='entTable_info']
For documentation on this error, please visit: https://selenium.dev/exceptions/#no_such_element
Build info: version: '4.0.0-alpha-4', revision: 'c2d955b49e'
System info: host: 'OSTOVBENKO-WS', ip: '10.4.30.97', os.name: 'Windows 10', os.arch: 'amd64', os.version: '10.0', java.version: '11.0.2'
Driver info: org.openqa.selenium.firefox.FirefoxDriver
Capabilities {acceptInsecureCerts: true, browserName: firefox, browserVersion: 72.0.2, javascriptEnabled: true, moz:accessibilityChecks: false, moz:buildID: 20200117190643, moz:geckodriverVersion: 0.26.0, moz:headless: false, moz:processID: 348, moz:profile: C:\Users\ostovbenko.TELESEN..., moz:shutdownTimeout: 60000, moz:useNonSpecCompliantPointerOrigin: false, moz:webdriverClick: true, pageLoadStrategy: normal, platform: WINDOWS, platformName: WINDOWS, platformVersion: 10.0, rotatable: false, setWindowRect: true, strictFileInteractability: false, timeouts: {implicit: 0, pageLoad: 300000, script: 30000}, unhandledPromptBehavior: dismiss and notify}
Session ID: b3ace3ef-6f0e-4a3a-9684-6278d709e726
*** Element info: {Using=xpath, value=//*[@id='entTable_info']}
at java.base/jdk.internal.reflect.NativeConstructorAccessorImpl.newInstance0(Native Method)
at java.base/jdk.internal.reflect.NativeConstructorAccessorImpl.newInstance(NativeConstructorAccessorImpl.java:62)
at java.base/jdk.internal.reflect.DelegatingConstructorAccessorImpl.newInstance(DelegatingConstructorAccessorImpl.java:45)
at java.base/java.lang.reflect.Constructor.newInstance(Constructor.java:490)
at org.openqa.selenium.remote.codec.w3c.W3CHttpResponseCodec.createException(W3CHttpResponseCodec.java:196)
at org.openqa.selenium.remote.codec.w3c.W3CHttpResponseCodec.decode(W3CHttpResponseCodec.java:129)
at org.openqa.selenium.remote.codec.w3c.W3CHttpResponseCodec.decode(W3CHttpResponseCodec.java:53)
at org.openqa.selenium.remote.HttpCommandExecutor.execute(HttpCommandExecutor.java:161)
at org.openqa.selenium.remote.service.DriverCommandExecutor.execute(DriverCommandExecutor.java:83)
at org.openqa.selenium.remote.RemoteWebDriver.execute(RemoteWebDriver.java:582)
at org.openqa.selenium.remote.RemoteWebDriver.findElement(RemoteWebDriver.java:333)
at org.openqa.selenium.remote.RemoteWebDriver.findElementByXPath(RemoteWebDriver.java:451)
at org.openqa.selenium.By$ByXPath.findElement(By.java:394)
at org.openqa.selenium.remote.RemoteWebDriver.findElement(RemoteWebDriver.java:325)
at org.openqa.selenium.support.pagefactory.DefaultElementLocator.findElement(DefaultElementLocator.java:70)
at org.openqa.selenium.support.pagefactory.internal.LocatingElementHandler.invoke(LocatingElementHandler.java:39)
at com.sun.proxy.$Proxy14.getText(Unknown Source)
at techList.page.ContentProvider.getInfo(ContentProvider.java:130)
at techList.test.TestsContentProvider.testAddLine(TestsContentProvider.java:149)
at java.base/jdk.internal.reflect.NativeMethodAccessorImpl.invoke0(Native Method)
at java.base/jdk.internal.reflect.NativeMethodAccessorImpl.invoke(NativeMethodAccessorImpl.java:62)
at java.base/jdk.internal.reflect.DelegatingMethodAccessorImpl.invoke(DelegatingMethodAccessorImpl.java:43)
at java.base/java.lang.reflect.Method.invoke(Method.java:566)
at org.testng.internal.MethodInvocationHelper.invokeMethod(MethodInvocationHelper.java:133)
at org.testng.internal.TestInvoker.invokeMethod(TestInvoker.java:584)
at org.testng.internal.TestInvoker.invokeTestMethod(TestInvoker.java:172)
at org.testng.internal.MethodRunner.runInSequence(MethodRunner.java:46)
at org.testng.internal.TestInvoker$MethodInvocationAgent.invoke(TestInvoker.java:804)
at org.testng.internal.TestInvoker.invokeTestMethods(TestInvoker.java:145)
at org.testng.internal.TestMethodWorker.invokeTestMethods(TestMethodWorker.java:146)
at org.testng.internal.TestMethodWorker.run(TestMethodWorker.java:128)
at java.base/java.util.ArrayList.forEach(ArrayList.java:1540)
at org.testng.TestRunner.privateRun(TestRunner.java:770)
at org.testng.TestRunner.run(TestRunner.java:591)
at org.testng.SuiteRunner.runTest(SuiteRunner.java:402)
at org.testng.SuiteRunner.runSequentially(SuiteRunner.java:396)
at org.testng.SuiteRunner.privateRun(SuiteRunner.java:355)
at org.testng.SuiteRunner.run(SuiteRunner.java:304)
at org.testng.SuiteRunnerWorker.runSuite(SuiteRunnerWorker.java:53)
at org.testng.SuiteRunnerWorker.run(SuiteRunnerWorker.java:96)
at org.testng.TestNG.runSuitesSequentially(TestNG.java:1180)
at org.testng.TestNG.runSuitesLocally(TestNG.java:1102)
at org.testng.TestNG.runSuites(TestNG.java:1032)
at org.testng.TestNG.run(TestNG.java:1000)
at org.apache.maven.surefire.testng.TestNGExecutor.run(TestNGExecutor.java:283)
at org.apache.maven.surefire.testng.TestNGXmlTestSuite.execute(TestNGXmlTestSuite.java:75)
at org.apache.maven.surefire.testng.TestNGProvider.invoke(TestNGProvider.java:120)
at org.apache.maven.surefire.booter.ForkedBooter.invokeProviderInSameClassLoader(ForkedBooter.java:379)
at org.apache.maven.surefire.booter.ForkedBooter.runSuitesInProcess(ForkedBooter.java:340)
at org.apache.maven.surefire.booter.ForkedBooter.execute(ForkedBooter.java:125)
at org.apache.maven.surefire.booter.ForkedBooter.main(ForkedBooter.java:413)
]]>
            </full-stacktrace>
          </exception> <!-- org.openqa.selenium.NoSuchElementException -->
          <reporter-output>
          </reporter-output>
        </test-method> <!-- testAddLine -->
        <test-method is-config="true" signature="Down()[pri:0, instance:techList.test.TestsContentProvider@477b4cdf]" started-at="2020-02-03T18:09:39 EET" name="Down" finished-at="2020-02-03T18:09:41 EET" duration-ms="2694" status="PASS">
          <reporter-output>
          </reporter-output>
        </test-method> <!-- Down -->
        <test-method is-config="true" signature="setUp(java.lang.String)[pri:0, instance:techList.test.TestsContentProvider@477b4cdf]" started-at="2020-02-03T18:09:41 EET" name="setUp" finished-at="2020-02-03T18:09:45 EET" duration-ms="3602" status="PASS">
          <params>
            <param index="0">
              <value>
                <![CDATA[firefox]]>
              </value>
            </param>
          </params>
          <reporter-output>
          </reporter-output>
        </test-method> <!-- setUp -->
        <test-method signature="testDeleteLine()[pri:0, instance:techList.test.TestsContentProvider@477b4cdf]" started-at="2020-02-03T18:09:45 EET" name="testDeleteLine" finished-at="2020-02-03T18:09:51 EET" duration-ms="6044" status="PASS">
          <reporter-output>
          </reporter-output>
        </test-method> <!-- testDeleteLine -->
        <test-method is-config="true" signature="Down()[pri:0, instance:techList.test.TestsContentProvider@477b4cdf]" started-at="2020-02-03T18:09:51 EET" name="Down" finished-at="2020-02-03T18:09:54 EET" duration-ms="2491" status="PASS">
          <reporter-output>
          </reporter-output>
        </test-method> <!-- Down -->
        <test-method is-config="true" signature="setUp(java.lang.String)[pri:0, instance:techList.test.TestsContentProvider@477b4cdf]" started-at="2020-02-03T18:09:54 EET" name="setUp" finished-at="2020-02-03T18:09:57 EET" duration-ms="3668" status="PASS">
          <params>
            <param index="0">
              <value>
                <![CDATA[firefox]]>
              </value>
            </param>
          </params>
          <reporter-output>
          </reporter-output>
        </test-method> <!-- setUp -->
        <test-method signature="testEditForm()[pri:0, instance:techList.test.TestsContentProvider@477b4cdf]" started-at="2020-02-03T18:09:57 EET" name="testEditForm" finished-at="2020-02-03T18:10:03 EET" duration-ms="5768" status="PASS">
          <reporter-output>
          </reporter-output>
        </test-method> <!-- testEditForm -->
        <test-method is-config="true" signature="Down()[pri:0, instance:techList.test.TestsContentProvider@477b4cdf]" started-at="2020-02-03T18:10:03 EET" name="Down" finished-at="2020-02-03T18:10:05 EET" duration-ms="2458" status="PASS">
          <reporter-output>
          </reporter-output>
        </test-method> <!-- Down -->
        <test-method is-config="true" signature="setUp(java.lang.String)[pri:0, instance:techList.test.TestsContentProvider@477b4cdf]" started-at="2020-02-03T18:10:05 EET" name="setUp" finished-at="2020-02-03T18:10:09 EET" duration-ms="3989" status="PASS">
          <params>
            <param index="0">
              <value>
                <![CDATA[firefox]]>
              </value>
            </param>
          </params>
          <reporter-output>
          </reporter-output>
        </test-method> <!-- setUp -->
        <test-method signature="testLogin()[pri:0, instance:techList.test.TestsContentProvider@477b4cdf]" started-at="2020-02-03T18:10:09 EET" name="testLogin" finished-at="2020-02-03T18:10:15 EET" duration-ms="5360" status="PASS">
          <reporter-output>
          </reporter-output>
        </test-method> <!-- testLogin -->
        <test-method is-config="true" signature="Down()[pri:0, instance:techList.test.TestsContentProvider@477b4cdf]" started-at="2020-02-03T18:10:15 EET" name="Down" finished-at="2020-02-03T18:10:17 EET" duration-ms="2544" status="PASS">
          <reporter-output>
          </reporter-output>
        </test-method> <!-- Down -->
        <test-method is-config="true" signature="setUp(java.lang.String)[pri:0, instance:techList.test.TestsContentProvider@477b4cdf]" started-at="2020-02-03T18:10:17 EET" name="setUp" finished-at="2020-02-03T18:10:21 EET" duration-ms="3743" status="PASS">
          <params>
            <param index="0">
              <value>
                <![CDATA[firefox]]>
              </value>
            </param>
          </params>
          <reporter-output>
          </reporter-output>
        </test-method> <!-- setUp -->
        <test-method signature="testSort()[pri:0, instance:techList.test.TestsContentProvider@477b4cdf]" started-at="2020-02-03T18:10:21 EET" name="testSort" finished-at="2020-02-03T18:10:29 EET" duration-ms="7841" status="PASS">
          <reporter-output>
          </reporter-output>
        </test-method> <!-- testSort -->
        <test-method is-config="true" signature="Down()[pri:0, instance:techList.test.TestsContentProvider@477b4cdf]" started-at="2020-02-03T18:10:29 EET" name="Down" finished-at="2020-02-03T18:10:31 EET" duration-ms="2430" status="PASS">
          <reporter-output>
          </reporter-output>
        </test-method> <!-- Down -->
      </class> <!-- techList.test.TestsContentProvider -->
    </test> <!-- login firefox -->
  </suite> <!-- LoginTests -->
</testng-results>
